8/29/2025 1:33:25 AM: Added question -> Which of the following are prime numbers?
8/29/2025 1:33:25 AM: Added question -> Which of these is NOT an STL container?
8/29/2025 1:33:25 AM: Added question -> Which of these is a backend framework?
8/29/2025 1:33:25 AM: Added question -> Which are mobile frameworks?
8/29/2025 1:33:25 AM: Added question -> Is .NET a framework?
8/29/2025 1:35:26 AM: Added question -> Which of the following are prime numbers?
8/29/2025 1:35:26 AM: Added question -> Which of these is NOT an STL container?
8/29/2025 1:35:26 AM: Added question -> Which of these is a backend framework?
8/29/2025 1:35:26 AM: Added question -> Which are mobile frameworks?
8/29/2025 1:35:26 AM: Added question -> Is .NET a framework?
8/29/2025 1:36:37 AM: Added question -> Which of the following are prime numbers?
8/29/2025 1:36:37 AM: Added question -> Which of these is NOT an STL container?
8/29/2025 1:36:37 AM: Added question -> Which of these is a backend framework?
8/29/2025 1:36:37 AM: Added question -> Which are mobile frameworks?
8/29/2025 1:36:37 AM: Added question -> Is .NET a framework?
8/29/2025 1:37:09 AM: Added question -> Which of the following are prime numbers?
8/29/2025 1:37:09 AM: Added question -> Which of these is NOT an STL container?
8/29/2025 1:37:09 AM: Added question -> Which of these is a backend framework?
8/29/2025 1:37:09 AM: Added question -> Which are mobile frameworks?
8/29/2025 1:37:09 AM: Added question -> Is .NET a framework?
8/29/2025 1:37:55 AM: Added question -> Which of the following are prime numbers?
8/29/2025 1:37:55 AM: Added question -> Which of these is NOT an STL container?
8/29/2025 1:37:55 AM: Added question -> Which of these is a backend framework?
8/29/2025 1:37:55 AM: Added question -> Which are mobile frameworks?
8/29/2025 1:37:55 AM: Added question -> Is .NET a framework?
8/29/2025 1:41:51 AM: Added question -> Which of the following are prime numbers?
8/29/2025 1:41:51 AM: Added question -> Which of these is NOT an STL container?
8/29/2025 1:41:51 AM: Added question -> Which of these is a backend framework?
8/29/2025 1:41:51 AM: Added question -> Which are mobile frameworks?
8/29/2025 1:41:51 AM: Added question -> Is .NET a framework?
8/30/2025 12:49:51 AM: Added question -> Which of the following are prime numbers?
8/30/2025 12:49:51 AM: Added question -> Which of these is NOT an STL container?
8/30/2025 12:49:51 AM: Added question -> Which of these is a backend framework?
8/30/2025 12:49:51 AM: Added question -> Which are mobile frameworks?
8/30/2025 12:49:51 AM: Added question -> Is .NET a framework?
9/5/2025 8:57:05 AM: Added question -> Which of the following are prime numbers?
9/5/2025 8:57:05 AM: Added question -> Which of these is NOT an STL container?
9/5/2025 8:57:05 AM: Added question -> Which of these is a backend framework?
9/5/2025 8:57:05 AM: Added question -> Which are mobile frameworks?
9/5/2025 8:57:05 AM: Added question -> Is .NET a framework?
9/5/2025 9:03:04 AM: Added question -> Which of the following are prime numbers?
9/5/2025 9:03:04 AM: Added question -> Which of these is NOT an STL container?
9/5/2025 9:03:04 AM: Added question -> Which of these is a backend framework?
9/5/2025 9:03:04 AM: Added question -> Which are mobile frameworks?
9/5/2025 9:03:04 AM: Added question -> Is .NET a framework?
9/5/2025 9:04:51 AM: Added question -> Which of the following are prime numbers?
9/5/2025 9:04:51 AM: Added question -> Which of these is NOT an STL container?
9/5/2025 9:04:51 AM: Added question -> Which of these is a backend framework?
9/5/2025 9:04:51 AM: Added question -> Which are mobile frameworks?
9/5/2025 9:04:51 AM: Added question -> Is .NET a framework?
9/5/2025 9:47:15 AM: Added question -> Which of the following are prime numbers?
9/5/2025 9:47:15 AM: Added question -> Which of these is NOT an STL container?
9/5/2025 9:47:15 AM: Added question -> Which of these is a backend framework?
9/5/2025 9:47:15 AM: Added question -> Which are mobile frameworks?
9/5/2025 9:47:15 AM: Added question -> Is .NET a framework?
10/20/2025 3:18:19 PM: Added question -> Which of the following are prime numbers?
10/20/2025 3:18:19 PM: Added question -> Which of these is NOT an STL container?
10/20/2025 3:18:19 PM: Added question -> Which of these is a backend framework?
10/20/2025 3:18:19 PM: Added question -> Which are mobile frameworks?
10/20/2025 3:18:19 PM: Added question -> Is .NET a framework?
10/20/2025 3:19:46 PM: Added question -> Which of the following are prime numbers?
10/20/2025 3:19:46 PM: Added question -> Which of these is NOT an STL container?
10/20/2025 3:19:46 PM: Added question -> Which of these is a backend framework?
10/20/2025 3:19:46 PM: Added question -> Which are mobile frameworks?
10/20/2025 3:19:46 PM: Added question -> Is .NET a framework?
