8/29/2025 1:33:25 AM: Added question -> Stack is a data structure?
8/29/2025 1:33:25 AM: Added question -> Which is an even number?
8/29/2025 1:33:25 AM: Added question -> Is Django a frontend framework?
8/29/2025 1:35:26 AM: Added question -> Stack is a data structure?
8/29/2025 1:35:26 AM: Added question -> Which is an even number?
8/29/2025 1:35:26 AM: Added question -> Is Django a frontend framework?
8/29/2025 1:36:37 AM: Added question -> Stack is a data structure?
8/29/2025 1:36:37 AM: Added question -> Which is an even number?
8/29/2025 1:36:37 AM: Added question -> Is Django a frontend framework?
8/29/2025 1:37:09 AM: Added question -> Stack is a data structure?
8/29/2025 1:37:09 AM: Added question -> Which is an even number?
8/29/2025 1:37:09 AM: Added question -> Is Django a frontend framework?
8/29/2025 1:37:55 AM: Added question -> Stack is a data structure?
8/29/2025 1:37:55 AM: Added question -> Which is an even number?
8/29/2025 1:37:55 AM: Added question -> Is Django a frontend framework?
8/29/2025 1:41:51 AM: Added question -> Stack is a data structure?
8/29/2025 1:41:51 AM: Added question -> Which is an even number?
8/29/2025 1:41:51 AM: Added question -> Is Django a frontend framework?
8/30/2025 12:49:51 AM: Added question -> Stack is a data structure?
8/30/2025 12:49:51 AM: Added question -> Which is an even number?
8/30/2025 12:49:51 AM: Added question -> Is Django a frontend framework?
9/5/2025 8:57:05 AM: Added question -> Stack is a data structure?
9/5/2025 8:57:05 AM: Added question -> Which is an even number?
9/5/2025 8:57:05 AM: Added question -> Is Django a frontend framework?
9/5/2025 9:03:04 AM: Added question -> Stack is a data structure?
9/5/2025 9:03:04 AM: Added question -> Which is an even number?
9/5/2025 9:03:04 AM: Added question -> Is Django a frontend framework?
9/5/2025 9:04:51 AM: Added question -> Stack is a data structure?
9/5/2025 9:04:51 AM: Added question -> Which is an even number?
9/5/2025 9:04:51 AM: Added question -> Is Django a frontend framework?
9/5/2025 9:47:15 AM: Added question -> Stack is a data structure?
9/5/2025 9:47:15 AM: Added question -> Which is an even number?
9/5/2025 9:47:15 AM: Added question -> Is Django a frontend framework?
10/20/2025 3:18:19 PM: Added question -> Stack is a data structure?
10/20/2025 3:18:19 PM: Added question -> Which is an even number?
10/20/2025 3:18:19 PM: Added question -> Is Django a frontend framework?
10/20/2025 3:19:46 PM: Added question -> Stack is a data structure?
10/20/2025 3:19:46 PM: Added question -> Which is an even number?
10/20/2025 3:19:46 PM: Added question -> Is Django a frontend framework?
